# JRE version: Java(TM) SE Runtime Environment (8.0_102-b14) (build 1.8.0_102-b14)
# Java VM: Java HotSpot(TM) 64-Bit Server VM (25.102-b14 mixed mode windows-amd64 compressed oops)
Heap:
 PSYoungGen      total 44544K, used 19068K [0x000000076b000000, 0x000000076e800000, 0x00000007c0000000)
  eden space 43008K, 41% used [0x000000076b000000,0x000000076c163388,0x000000076da00000)
  from space 1536K, 82% used [0x000000076e600000,0x000000076e73c010,0x000000076e780000)
  to   space 512K, 0% used [0x000000076e780000,0x000000076e780000,0x000000076e800000)
 ParOldGen       total 175104K, used 18285K [0x00000006c1000000, 0x00000006cbb00000, 0x000000076b000000)
  object space 175104K, 10% used [0x00000006c1000000,0x00000006c21db518,0x00000006cbb00000)
 Metaspace       used 16177K, capacity 16425K, committed 16640K, reserved 1064960K
  class space    used 1675K, capacity 1744K, committed 1792K, reserved 1048576K
GC Heap History (10 events):
Event: 10851.294 GC heap before
{Heap before GC invocations=71 (full 0):
 PSYoungGen      total 46592K, used 46224K [0x000000076b000000, 0x000000076e980000, 0x00000007c0000000)
  eden space 45568K, 100% used [0x000000076b000000,0x000000076dc80000,0x000000076dc80000)
  from space 1024K, 64% used [0x000000076e880000,0x000000076e924010,0x000000076e980000)
  to   space 1024K, 0% used [0x000000076e780000,0x000000076e780000,0x000000076e880000)
 ParOldGen       total 175104K, used 16661K [0x00000006c1000000, 0x00000006cbb00000, 0x000000076b000000)
  object space 175104K, 9% used [0x00000006c1000000,0x00000006c2045508,0x00000006cbb00000)
 Metaspace       used 16105K, capacity 16361K, committed 16640K, reserved 1064960K
  class space    used 1667K, capacity 1744K, committed 1792K, reserved 1048576K
Event: 10851.297 GC heap after
Heap after GC invocations=71 (full 0):
 PSYoungGen      total 46080K, used 672K [0x000000076b000000, 0x000000076e900000, 0x00000007c0000000)
  eden space 45056K, 0% used [0x000000076b000000,0x000000076b000000,0x000000076dc00000)
  from space 1024K, 65% used [0x000000076e780000,0x000000076e828000,0x000000076e880000)
  to   space 512K, 0% used [0x000000076e880000,0x000000076e880000,0x000000076e900000)
 ParOldGen       total 175104K, used 16821K [0x00000006c1000000, 0x00000006cbb00000, 0x000000076b000000)
  object space 175104K, 9% used [0x00000006c1000000,0x00000006c206d518,0x00000006cbb00000)
 Metaspace       used 16105K, capacity 16361K, committed 16640K, reserved 1064960K
  class space    used 1667K, capacity 1744K, committed 1792K, reserved 1048576K
}
Event: 10854.959 GC heap before
{Heap before GC invocations=72 (full 0):
 PSYoungGen      total 46080K, used 45728K [0x000000076b000000, 0x000000076e900000, 0x00000007c0000000)
  eden space 45056K, 100% used [0x000000076b000000,0x000000076dc00000,0x000000076dc00000)
  from space 1024K, 65% used [0x000000076e780000,0x000000076e828000,0x000000076e880000)
  to   space 512K, 0% used [0x000000076e880000,0x000000076e880000,0x000000076e900000)
 ParOldGen       total 175104K, used 16821K [0x00000006c1000000, 0x00000006cbb00000, 0x000000076b000000)
  object space 175104K, 9% used [0x00000006c1000000,0x00000006c206d518,0x00000006cbb00000)
 Metaspace       used 16109K, capacity 16361K, committed 16640K, reserved 1064960K
  class space    used 1667K, capacity 1744K, committed 1792K, reserved 1048576K
Event: 10854.962 GC heap after
Heap after GC invocations=72 (full 0):
 PSYoungGen      total 45056K, used 499K [0x000000076b000000, 0x000000076e900000, 0x00000007c0000000)
  eden space 44544K, 0% used [0x000000076b000000,0x000000076b000000,0x000000076db80000)
  from space 512K, 97% used [0x000000076e880000,0x000000076e8fcda0,0x000000076e900000)
  to   space 1536K, 0% used [0x000000076e600000,0x000000076e600000,0x000000076e780000)
 ParOldGen       total 175104K, used 17213K [0x00000006c1000000, 0x00000006cbb00000, 0x000000076b000000)
  object space 175104K, 9% used [0x00000006c1000000,0x00000006c20cf518,0x00000006cbb00000)
 Metaspace       used 16109K, capacity 16361K, committed 16640K, reserved 1064960K
  class space    used 1667K, capacity 1744K, committed 1792K, reserved 1048576K
}
Event: 10875.734 GC heap before
{Heap before GC invocations=73 (full 0):
 PSYoungGen      total 45056K, used 45043K [0x000000076b000000, 0x000000076e900000, 0x00000007c0000000)
  eden space 44544K, 100% used [0x000000076b000000,0x000000076db80000,0x000000076db80000)
  from space 512K, 97% used [0x000000076e880000,0x000000076e8fcda0,0x000000076e900000)
  to   space 1536K, 0% used [0x000000076e600000,0x000000076e600000,0x000000076e780000)
 ParOldGen       total 175104K, used 17213K [0x00000006c1000000, 0x00000006cbb00000, 0x000000076b000000)
  object space 175104K, 9% used [0x00000006c1000000,0x00000006c20cf518,0x00000006cbb00000)
 Metaspace       used 16114K, capacity 16361K, committed 16640K, reserved 1064960K
  class space    used 1667K, capacity 1744K, committed 1792K, reserved 1048576K
Event: 10875.736 GC heap after
Heap after GC invocations=73 (full 0):
 PSYoungGen      total 45568K, used 912K [0x000000076b000000, 0x000000076e900000, 0x00000007c0000000)
  eden space 44032K, 0% used [0x000000076b000000,0x000000076b000000,0x000000076db00000)
  from space 1536K, 59% used [0x000000076e600000,0x000000076e6e4010,0x000000076e780000)
  to   space 1536K, 0% used [0x000000076e780000,0x000000076e780000,0x000000076e900000)
 ParOldGen       total 175104K, used 17525K [0x00000006c1000000, 0x00000006cbb00000, 0x000000076b000000)
  object space 175104K, 10% used [0x00000006c1000000,0x00000006c211d518,0x00000006cbb00000)
 Metaspace       used 16114K, capacity 16361K, committed 16640K, reserved 1064960K
  class space    used 1667K, capacity 1744K, committed 1792K, reserved 1048576K
}
Event: 10927.558 GC heap before
{Heap before GC invocations=74 (full 0):
 PSYoungGen      total 45568K, used 44944K [0x000000076b000000, 0x000000076e900000, 0x00000007c0000000)
  eden space 44032K, 100% used [0x000000076b000000,0x000000076db00000,0x000000076db00000)
  from space 1536K, 59% used [0x000000076e600000,0x000000076e6e4010,0x000000076e780000)
  to   space 1536K, 0% used [0x000000076e780000,0x000000076e780000,0x000000076e900000)
 ParOldGen       total 175104K, used 17525K [0x00000006c1000000, 0x00000006cbb00000, 0x000000076b000000)
  object space 175104K, 10% used [0x00000006c1000000,0x00000006c211d518,0x00000006cbb00000)
 Metaspace       used 16120K, capacity 16361K, committed 16640K, reserved 1064960K
  class space    used 1667K, capacity 1744K, committed 1792K, reserved 1048576K
Event: 10927.560 GC heap after
Heap after GC invocations=74 (full 0):
 PSYoungGen      total 45056K, used 1104K [0x000000076b000000, 0x000000076e900000, 0x00000007c0000000)
  eden space 43520K, 0% used [0x000000076b000000,0x000000076b000000,0x000000076da80000)
  from space 1536K, 71% used [0x000000076e780000,0x000000076e894010,0x000000076e900000)
  to   space 1536K, 0% used [0x000000076e600000,0x000000076e600000,0x000000076e780000)
 ParOldGen       total 175104K, used 17789K [0x00000006c1000000, 0x00000006cbb00000, 0x000000076b000000)
  object space 175104K, 10% used [0x00000006c1000000,0x00000006c215f518,0x00000006cbb00000)
 Metaspace       used 16120K, capacity 16361K, committed 16640K, reserved 1064960K
  class space    used 1667K, capacity 1744K, committed 1792K, reserved 1048576K
}
Event: 11029.021 GC heap before
{Heap before GC invocations=75 (full 0):
 PSYoungGen      total 45056K, used 44624K [0x000000076b000000, 0x000000076e900000, 0x00000007c0000000)
  eden space 43520K, 100% used [0x000000076b000000,0x000000076da80000,0x000000076da80000)
  from space 1536K, 71% used [0x000000076e780000,0x000000076e894010,0x000000076e900000)
  to   space 1536K, 0% used [0x000000076e600000,0x000000076e600000,0x000000076e780000)
 ParOldGen       total 175104K, used 17789K [0x00000006c1000000, 0x00000006cbb00000, 0x000000076b000000)
  object space 175104K, 10% used [0x00000006c1000000,0x00000006c215f518,0x00000006cbb00000)
 Metaspace       used 16177K, capacity 16425K, committed 16640K, reserved 1064960K
  class space    used 1675K, capacity 1744K, committed 1792K, reserved 1048576K
Event: 11029.024 GC heap after
Heap after GC invocations=75 (full 0):
 PSYoungGen      total 44544K, used 1264K [0x000000076b000000, 0x000000076e800000, 0x00000007c0000000)
  eden space 43008K, 0% used [0x000000076b000000,0x000000076b000000,0x000000076da00000)
  from space 1536K, 82% used [0x000000076e600000,0x000000076e73c010,0x000000076e780000)
  to   space 512K, 0% used [0x000000076e780000,0x000000076e780000,0x000000076e800000)
 ParOldGen       total 175104K, used 18285K [0x00000006c1000000, 0x00000006cbb00000, 0x000000076b000000)
  object space 175104K, 10% used [0x00000006c1000000,0x00000006c21db518,0x00000006cbb00000)
 Metaspace       used 16177K, capacity 16425K, committed 16640K, reserved 1064960K
  class space    used 1675K, capacity 1744K, committed 1792K, reserved 1048576K
}

